<?xml version="1.0" encoding="UTF-8"?>
<!-- Generated by org.testng.reporters.JUnitXMLReporter -->
<testsuite ignored="2" hostname="DESKTOP-HHO6U5A" failures="0" tests="1" name="Default test" time="16.693" errors="0" timestamp="2024-06-29T02:11:20 GMT-06:00">
  <testcase classname="fcm.qa.testcases.CalenderPageTest" name="validatebookedMeetingTest" time="2.184"/>
  <testcase classname="fcm.qa.testcases.CalenderPageTest" name="bookMeetingTest" time="0.0">
    <ignored/>
  </testcase> <!-- bookMeetingTest -->
  <testcase classname="fcm.qa.testcases.CalenderPageTest" name="validatePageTitleTest" time="0.0">
    <ignored/>
  </testcase> <!-- validatePageTitleTest -->
</testsuite> <!-- Default test -->
